F:\BUET\A B C\IGRAPHICS\DEBUG\IGRAPHICS.EXE
F:\BUET\A B C\IGRAPHICS\DEBUG\IGRAPHICS.ILK
F:\BUET\A B C\IGRAPHICS\DEBUG\IGRAPHICS.PDB
F:\BUET\A B C\IGRAPHICS\IGRAPHICS\DEBUG\ABC.OBJ
F:\BUET\A B C\IGraphics\IGraphics\Debug\cl.command.1.tlog
F:\BUET\A B C\IGraphics\IGraphics\Debug\CL.read.1.tlog
F:\BUET\A B C\IGraphics\IGraphics\Debug\CL.write.1.tlog
F:\BUET\A B C\IGRAPHICS\IGRAPHICS\DEBUG\IGRAPHICS.EXE.INTERMEDIATE.MANIFEST
F:\BUET\A B C\IGraphics\IGraphics\Debug\IGraphics.vcxprojResolveAssemblyReference.cache
F:\BUET\A B C\IGraphics\IGraphics\Debug\IGraphics.write.1.tlog
F:\BUET\A B C\IGraphics\IGraphics\Debug\link.command.1.tlog
F:\BUET\A B C\IGraphics\IGraphics\Debug\link.read.1.tlog
F:\BUET\A B C\IGraphics\IGraphics\Debug\link.write.1.tlog
F:\BUET\A B C\IGRAPHICS\IGRAPHICS\DEBUG\MOUSEDEMO.OBJ
F:\BUET\A B C\IGraphics\IGraphics\Debug\mt.command.1.tlog
F:\BUET\A B C\IGraphics\IGraphics\Debug\mt.read.1.tlog
F:\BUET\A B C\IGraphics\IGraphics\Debug\mt.write.1.tlog
F:\BUET\A B C\IGraphics\IGraphics\Debug\My_Project.obj
F:\BUET\A B C\IGraphics\IGraphics\Debug\TextInputDemo.obj
F:\BUET\A B C\IGraphics\IGraphics\Debug\vc100.idb
F:\BUET\A B C\IGRAPHICS\IGRAPHICS\DEBUG\VC100.PDB
F:\BUET\A B C\IGraphics\IGraphics\Debug\watch.obj
F:\BUET\L1-T2\OFFLINE PROJECT\IGRAPHICS\DEBUG\IGRAPHICS.EXE
F:\BUET\L1-T2\OFFLINE PROJECT\IGRAPHICS\DEBUG\IGRAPHICS.ILK
F:\BUET\L1-T2\OFFLINE PROJECT\IGRAPHICS\DEBUG\IGRAPHICS.PDB
F:\BUET\L1-T2\OFFLINE PROJECT\IGRAPHICS\IGRAPHICS\DEBUG\IGRAPHICS.EXE.INTERMEDIATE.MANIFEST
F:\BUET\L1-T2\OFFLINE PROJECT\IGRAPHICS\IGRAPHICS\DEBUG\MY_PROJECT.OBJ
F:\BUET\L1-T2\OFFLINE PROJECT\IGRAPHICS\IGRAPHICS\DEBUG\TEXTINPUTDEMO.OBJ
F:\BUET\L1-T2\OFFLINE PROJECT\IGRAPHICS\IGRAPHICS\DEBUG\VC100.PDB
F:\BUET\L1-T2\OFFLINE PROJECT\IGRAPHICS\IGRAPHICS\DEBUG\WATCH.OBJ
